<?xml version="1.0" encoding="UTF-8"?>
<!-- Generated by org.testng.reporters.JUnitXMLReporter -->
<testsuite ignored="2" hostname="Risp" failures="0" tests="6" name="Test" time="5.183" errors="0" timestamp="2024-11-13T15:00:43 IST">
  <testcase classname="com.crm.generic.baseutility.BaseClass" name="@BeforeMethod configBM" time="0.098">
    <failure type="java.lang.NullPointerException" message="null value in entry: url=null">
      <![CDATA[java.lang.NullPointerException: null value in entry: url=null
at com.google.common.collect.CollectPreconditions.checkEntryNotNull(CollectPreconditions.java:33)
at com.google.common.collect.SingletonImmutableBiMap.<init>(SingletonImmutableBiMap.java:43)
at com.google.common.collect.ImmutableBiMap.of(ImmutableBiMap.java:83)
at com.google.common.collect.ImmutableMap.of(ImmutableMap.java:130)
at org.openqa.selenium.remote.DriverCommand.GET(DriverCommand.java:191)
at org.openqa.selenium.remote.RemoteWebDriver.get(RemoteWebDriver.java:304)
at com.vtiger.crm.generic.ObjectRepositoryUtility.LoginPage.loginToApp(LoginPage.java:54)
at com.crm.generic.baseutility.BaseClass.configBM(BaseClass.java:102)
at java.base/java.util.ArrayList.forEach(ArrayList.java:1597)
... Removed 29 stack frames]]>
    </failure>
  </testcase> <!-- @BeforeMethod configBM -->
  <testcase classname="com.crm.generic.baseutility.BaseClass" name="@AfterMethod configAM" time="-1.731490241803E9">
    <skipped/>
  </testcase> <!-- @AfterMethod configAM -->
  <testcase classname="com.crm.generic.baseutility.BaseClass" name="@BeforeMethod configBM" time="-1.731490241804E9">
    <skipped/>
  </testcase> <!-- @BeforeMethod configBM -->
  <testcase classname="com.crm.generic.baseutility.BaseClass" name="@AfterMethod configAM" time="-1.731490241808E9">
    <skipped/>
  </testcase> <!-- @AfterMethod configAM -->
  <testcase classname="com.crm.generic.baseutility.BaseClass" name="@BeforeMethod configBM" time="-1.731490241809E9">
    <skipped/>
  </testcase> <!-- @BeforeMethod configBM -->
  <testcase classname="com.crm.generic.baseutility.BaseClass" name="@AfterMethod configAM" time="-1.731490241814E9">
    <skipped/>
  </testcase> <!-- @AfterMethod configAM -->
  <testcase classname="com.crm.generic.baseutility.BaseClass" name="@AfterClass configAC" time="-1.731490241815E9">
    <skipped/>
  </testcase> <!-- @AfterClass configAC -->
  <testcase classname="com.crm.generic.baseutility.BaseClass" name="@BeforeMethod configBM" time="0.052">
    <failure type="java.lang.NullPointerException" message="null value in entry: url=null">
      <![CDATA[java.lang.NullPointerException: null value in entry: url=null
at com.google.common.collect.CollectPreconditions.checkEntryNotNull(CollectPreconditions.java:33)
at com.google.common.collect.SingletonImmutableBiMap.<init>(SingletonImmutableBiMap.java:43)
at com.google.common.collect.ImmutableBiMap.of(ImmutableBiMap.java:83)
at com.google.common.collect.ImmutableMap.of(ImmutableMap.java:130)
at org.openqa.selenium.remote.DriverCommand.GET(DriverCommand.java:191)
at org.openqa.selenium.remote.RemoteWebDriver.get(RemoteWebDriver.java:304)
at com.vtiger.crm.generic.ObjectRepositoryUtility.LoginPage.loginToApp(LoginPage.java:54)
at com.crm.generic.baseutility.BaseClass.configBM(BaseClass.java:102)
at java.base/java.util.ArrayList.forEach(ArrayList.java:1597)
... Removed 29 stack frames]]>
    </failure>
  </testcase> <!-- @BeforeMethod configBM -->
  <testcase classname="com.crm.generic.baseutility.BaseClass" name="@AfterMethod configAM" time="-1.731490243434E9">
    <skipped/>
  </testcase> <!-- @AfterMethod configAM -->
  <testcase classname="com.crm.generic.baseutility.BaseClass" name="@BeforeMethod configBM" time="-1.731490243436E9">
    <skipped/>
  </testcase> <!-- @BeforeMethod configBM -->
  <testcase classname="com.crm.generic.baseutility.BaseClass" name="@AfterMethod configAM" time="-1.731490243449E9">
    <skipped/>
  </testcase> <!-- @AfterMethod configAM -->
  <testcase classname="com.crm.generic.baseutility.BaseClass" name="@BeforeMethod configBM" time="-1.731490243451E9">
    <skipped/>
  </testcase> <!-- @BeforeMethod configBM -->
  <testcase classname="com.crm.generic.baseutility.BaseClass" name="@AfterMethod configAM" time="-1.73149024346E9">
    <skipped/>
  </testcase> <!-- @AfterMethod configAM -->
  <testcase classname="com.crm.generic.baseutility.BaseClass" name="@AfterClass configAC" time="-1.731490243469E9">
    <skipped/>
  </testcase> <!-- @AfterClass configAC -->
  <testcase classname="com.vtiger.contacttest.ContactTest" name="createContactWithDate" time="0.0">
    <skipped/>
  </testcase> <!-- createContactWithDate -->
  <testcase classname="com.vtiger.contacttest.ContactTest" name="createContactWithMandatoryFieldsTest" time="0.0">
    <skipped/>
  </testcase> <!-- createContactWithMandatoryFieldsTest -->
  <testcase classname="com.vtiger.contacttest.ContactTest" name="createContactWithOrgTest" time="0.0">
    <skipped/>
  </testcase> <!-- createContactWithOrgTest -->
  <testcase classname="com.vtiger.orgtest.OrgTest" name="createOrgWithIndustryType" time="0.0">
    <skipped/>
  </testcase> <!-- createOrgWithIndustryType -->
  <testcase classname="com.vtiger.orgtest.OrgTest" name="createOrgWithManadatoryFields" time="0.0">
    <skipped/>
  </testcase> <!-- createOrgWithManadatoryFields -->
  <testcase classname="com.vtiger.orgtest.OrgTest" name="createOrgWithPhoneNumber" time="0.0">
    <skipped/>
  </testcase> <!-- createOrgWithPhoneNumber -->
  <testcase classname="com.crm.generic.baseutility.BaseClass" name="@AfterSuite configAS" time="0.0">
    <ignored/>
  </testcase> <!-- @AfterSuite configAS -->
  <testcase classname="com.crm.generic.baseutility.BaseClass" name="@BeforeSuite configBS" time="0.0">
    <ignored/>
  </testcase> <!-- @BeforeSuite configBS -->
</testsuite> <!-- Test -->
